# JRE version: Java(TM) SE Runtime Environment (8.0_25-b18) (build 1.8.0_25-b18)
# Java VM: Java HotSpot(TM) 64-Bit Server VM (25.25-b02 mixed mode windows-amd64 compressed oops)
Heap:
 PSYoungGen      total 213504K, used 75347K [0x00000000f0000000, 0x0000000100000000, 0x0000000100000000)
  eden space 210944K, 34% used [0x00000000f0000000,0x00000000f4744f10,0x00000000fce00000)
  from space 2560K, 92% used [0x00000000fce00000,0x00000000fd050000,0x00000000fd080000)
  to   space 26112K, 0% used [0x00000000fe680000,0x00000000fe680000,0x0000000100000000)
 ParOldGen       total 524288K, used 188810K [0x00000000d0000000, 0x00000000f0000000, 0x00000000f0000000)
  object space 524288K, 36% used [0x00000000d0000000,0x00000000db862a20,0x00000000f0000000)
 Metaspace       used 84540K, capacity 90708K, committed 90840K, reserved 1128448K
  class space    used 10190K, capacity 11975K, committed 11992K, reserved 1048576K
GC Heap History (10 events):
Event: 2040.354 GC heap before
{Heap before GC invocations=98 (full 3):
 PSYoungGen      total 237056K, used 228034K [0x00000000f0000000, 0x0000000100000000, 0x0000000100000000)
  eden space 211456K, 99% used [0x00000000f0000000,0x00000000fcde0c90,0x00000000fce80000)
  from space 25600K, 67% used [0x00000000fe700000,0x00000000ff7cfc18,0x0000000100000000)
  to   space 25088K, 0% used [0x00000000fce80000,0x00000000fce80000,0x00000000fe700000)
 ParOldGen       total 524288K, used 174521K [0x00000000d0000000, 0x00000000f0000000, 0x00000000f0000000)
  object space 524288K, 33% used [0x00000000d0000000,0x00000000daa6e4f8,0x00000000f0000000)
 Metaspace       used 84362K, capacity 90378K, committed 90584K, reserved 1128448K
  class space    used 10158K, capacity 11868K, committed 11992K, reserved 1048576K
Event: 2040.368 GC heap after
Heap after GC invocations=98 (full 3):
 PSYoungGen      total 236544K, used 14639K [0x00000000f0000000, 0x0000000100000000, 0x0000000100000000)
  eden space 211456K, 0% used [0x00000000f0000000,0x00000000f0000000,0x00000000fce80000)
  from space 25088K, 58% used [0x00000000fce80000,0x00000000fdccbfe8,0x00000000fe700000)
  to   space 24576K, 0% used [0x00000000fe800000,0x00000000fe800000,0x0000000100000000)
 ParOldGen       total 524288K, used 182556K [0x00000000d0000000, 0x00000000f0000000, 0x00000000f0000000)
  object space 524288K, 34% used [0x00000000d0000000,0x00000000db247260,0x00000000f0000000)
 Metaspace       used 84362K, capacity 90378K, committed 90584K, reserved 1128448K
  class space    used 10158K, capacity 11868K, committed 11992K, reserved 1048576K
}
Event: 2046.844 GC heap before
{Heap before GC invocations=99 (full 3):
 PSYoungGen      total 236544K, used 225901K [0x00000000f0000000, 0x0000000100000000, 0x0000000100000000)
  eden space 211456K, 99% used [0x00000000f0000000,0x00000000fce4f5a8,0x00000000fce80000)
  from space 25088K, 58% used [0x00000000fce80000,0x00000000fdccbfe8,0x00000000fe700000)
  to   space 24576K, 0% used [0x00000000fe800000,0x00000000fe800000,0x0000000100000000)
 ParOldGen       total 524288K, used 182556K [0x00000000d0000000, 0x00000000f0000000, 0x00000000f0000000)
  object space 524288K, 34% used [0x00000000d0000000,0x00000000db247260,0x00000000f0000000)
 Metaspace       used 84365K, capacity 90390K, committed 90584K, reserved 1128448K
  class space    used 10159K, capacity 11870K, committed 11992K, reserved 1048576K
Event: 2046.853 GC heap after
Heap after GC invocations=99 (full 3):
 PSYoungGen      total 236544K, used 9024K [0x00000000f0000000, 0x0000000100000000, 0x0000000100000000)
  eden space 211968K, 0% used [0x00000000f0000000,0x00000000f0000000,0x00000000fcf00000)
  from space 24576K, 36% used [0x00000000fe800000,0x00000000ff0d02e0,0x0000000100000000)
  to   space 25088K, 0% used [0x00000000fcf00000,0x00000000fcf00000,0x00000000fe780000)
 ParOldGen       total 524288K, used 182580K [0x00000000d0000000, 0x00000000f0000000, 0x00000000f0000000)
  object space 524288K, 34% used [0x00000000d0000000,0x00000000db24d260,0x00000000f0000000)
 Metaspace       used 84365K, capacity 90390K, committed 90584K, reserved 1128448K
  class space    used 10159K, capacity 11870K, committed 11992K, reserved 1048576K
}
Event: 2058.813 GC heap before
{Heap before GC invocations=100 (full 3):
 PSYoungGen      total 236544K, used 220992K [0x00000000f0000000, 0x0000000100000000, 0x0000000100000000)
  eden space 211968K, 100% used [0x00000000f0000000,0x00000000fcf00000,0x00000000fcf00000)
  from space 24576K, 36% used [0x00000000fe800000,0x00000000ff0d02e0,0x0000000100000000)
  to   space 25088K, 0% used [0x00000000fcf00000,0x00000000fcf00000,0x00000000fe780000)
 ParOldGen       total 524288K, used 182580K [0x00000000d0000000, 0x00000000f0000000, 0x00000000f0000000)
  object space 524288K, 34% used [0x00000000d0000000,0x00000000db24d260,0x00000000f0000000)
 Metaspace       used 84376K, capacity 90426K, committed 90584K, reserved 1128448K
  class space    used 10162K, capacity 11876K, committed 11992K, reserved 1048576K
Event: 2058.821 GC heap after
Heap after GC invocations=100 (full 3):
 PSYoungGen      total 220160K, used 7776K [0x00000000f0000000, 0x0000000100000000, 0x0000000100000000)
  eden space 211968K, 0% used [0x00000000f0000000,0x00000000f0000000,0x00000000fcf00000)
  from space 8192K, 94% used [0x00000000fcf00000,0x00000000fd698000,0x00000000fd700000)
  to   space 25600K, 0% used [0x00000000fe700000,0x00000000fe700000,0x0000000100000000)
 ParOldGen       total 524288K, used 183302K [0x00000000d0000000, 0x00000000f0000000, 0x00000000f0000000)
  object space 524288K, 34% used [0x00000000d0000000,0x00000000db3019f0,0x00000000f0000000)
 Metaspace       used 84376K, capacity 90426K, committed 90584K, reserved 1128448K
  class space    used 10162K, capacity 11876K, committed 11992K, reserved 1048576K
}
Event: 2061.306 GC heap before
{Heap before GC invocations=101 (full 3):
 PSYoungGen      total 220160K, used 218717K [0x00000000f0000000, 0x0000000100000000, 0x0000000100000000)
  eden space 211968K, 99% used [0x00000000f0000000,0x00000000fcdff630,0x00000000fcf00000)
  from space 8192K, 94% used [0x00000000fcf00000,0x00000000fd698000,0x00000000fd700000)
  to   space 25600K, 0% used [0x00000000fe700000,0x00000000fe700000,0x0000000100000000)
 ParOldGen       total 524288K, used 183302K [0x00000000d0000000, 0x00000000f0000000, 0x00000000f0000000)
  object space 524288K, 34% used [0x00000000d0000000,0x00000000db3019f0,0x00000000f0000000)
 Metaspace       used 84403K, capacity 90468K, committed 90584K, reserved 1128448K
  class space    used 10166K, capacity 11883K, committed 11992K, reserved 1048576K
Event: 2061.315 GC heap after
Heap after GC invocations=101 (full 3):
 PSYoungGen      total 236544K, used 8173K [0x00000000f0000000, 0x0000000100000000, 0x0000000100000000)
  eden space 210944K, 0% used [0x00000000f0000000,0x00000000f0000000,0x00000000fce00000)
  from space 25600K, 31% used [0x00000000fe700000,0x00000000feefb5b8,0x0000000100000000)
  to   space 25600K, 0% used [0x00000000fce00000,0x00000000fce00000,0x00000000fe700000)
 ParOldGen       total 524288K, used 188618K [0x00000000d0000000, 0x00000000f0000000, 0x00000000f0000000)
  object space 524288K, 35% used [0x00000000d0000000,0x00000000db832a20,0x00000000f0000000)
 Metaspace       used 84403K, capacity 90468K, committed 90584K, reserved 1128448K
  class space    used 10166K, capacity 11883K, committed 11992K, reserved 1048576K
}
Event: 2069.948 GC heap before
{Heap before GC invocations=102 (full 3):
 PSYoungGen      total 236544K, used 219117K [0x00000000f0000000, 0x0000000100000000, 0x0000000100000000)
  eden space 210944K, 100% used [0x00000000f0000000,0x00000000fce00000,0x00000000fce00000)
  from space 25600K, 31% used [0x00000000fe700000,0x00000000feefb5b8,0x0000000100000000)
  to   space 25600K, 0% used [0x00000000fce00000,0x00000000fce00000,0x00000000fe700000)
 ParOldGen       total 524288K, used 188618K [0x00000000d0000000, 0x00000000f0000000, 0x00000000f0000000)
  object space 524288K, 35% used [0x00000000d0000000,0x00000000db832a20,0x00000000f0000000)
 Metaspace       used 84510K, capacity 90660K, committed 90840K, reserved 1128448K
  class space    used 10184K, capacity 11967K, committed 11992K, reserved 1048576K
Event: 2069.954 GC heap after
Heap after GC invocations=102 (full 3):
 PSYoungGen      total 213504K, used 2368K [0x00000000f0000000, 0x0000000100000000, 0x0000000100000000)
  eden space 210944K, 0% used [0x00000000f0000000,0x00000000f0000000,0x00000000fce00000)
  from space 2560K, 92% used [0x00000000fce00000,0x00000000fd050000,0x00000000fd080000)
  to   space 26112K, 0% used [0x00000000fe680000,0x00000000fe680000,0x0000000100000000)
 ParOldGen       total 524288K, used 188810K [0x00000000d0000000, 0x00000000f0000000, 0x00000000f0000000)
  object space 524288K, 36% used [0x00000000d0000000,0x00000000db862a20,0x00000000f0000000)
 Metaspace       used 84510K, capacity 90660K, committed 90840K, reserved 1128448K
  class space    used 10184K, capacity 11967K, committed 11992K, reserved 1048576K
}

